[2020-03-28 18:58:16]	[py]	[debug]	[]EOR
[2020-03-28 18:58:16]	[py]	[debug]	[]EOR
[2020-03-28 18:58:16]	[py]	[debug]	[]EOR
[2020-03-28 21:29:33]	[py]	[debug]	[]EOR
[2020-03-28 21:29:33]	[py]	[debug]	[]EOR
[2020-03-28 21:29:33]	[py]	[debug]	[]EOR
[2020-03-28 21:30:59]	[py]	[debug]	[]EOR
[2020-03-28 21:30:59]	[py]	[debug]	[]EOR
[2020-03-28 21:30:59]	[py]	[debug]	[]EOR
[2020-03-28 21:32:53]	[py]	[debug]	[1]EOR
[2020-03-28 21:32:53]	[py]	[debug]	[admin]EOR
[2020-03-28 21:32:53]	[py]	[debug]	[9db06bcff9248837f86d1a6bcf41c9e7]EOR
[2020-03-28 21:36:11]	[py]	[debug]	[admin]EOR
[2020-03-28 21:36:11]	[py]	[debug]	[1]EOR
[2020-03-28 21:36:11]	[py]	[debug]	[admin]EOR
[2020-03-28 21:36:11]	[py]	[debug]	[9db06bcff9248837f86d1a6bcf41c9e7]EOR
[2020-03-28 21:36:15]	[py]	[debug]	[admin]EOR
[2020-03-28 21:36:52]	[py]	[debug]	[1]EOR
[2020-03-28 21:36:52]	[py]	[debug]	[admin]EOR
[2020-03-28 21:36:52]	[py]	[debug]	[9db06bcff9248837f86d1a6bcf41c9e7]EOR
[2020-03-28 21:38:26]	[py]	[debug]	[1]EOR
[2020-03-28 21:38:26]	[py]	[debug]	[admin]EOR
[2020-03-28 21:38:26]	[py]	[debug]	[9db06bcff9248837f86d1a6bcf41c9e7]EOR
[2020-03-28 21:38:30]	[py]	[debug]	[exception 'Exception' with message '上传位置出错' in D:\web\dreamphp\application\models\Admin.php:65
Stack trace:
#0 D:\web\dreamphp\application\controllers\AdminController.php(41): Admin->upfile('banner1')
#1 D:\php\PEAR\Zend\Controller\Action.php(503): AdminController->bannerAction()
#2 D:\php\PEAR\Zend\Controller\Dispatcher\Standard.php(308): Zend_Controller_Action->dispatch('bannerAction')
#3 D:\php\PEAR\Zend\Controller\Front.php(954): Zend_Controller_Dispatcher_Standard->dispatch(Object(Zend_Controller_Request_Http), Object(Zend_Controller_Response_Http))
#4 D:\web\dreamphp\htdocs\index.php(75): Zend_Controller_Front->dispatch()
#5 {main}]EOR
[2020-03-28 22:58:13]	[py]	[debug]	[]EOR
[2020-03-28 22:59:14]	[py]	[debug]	[2]EOR
