[2020-04-02 00:01:15]	[py]	[exception]	[2020-04-02 00:01:15:	SQLSTATE[42S22]: Column not found: 1054 Unknown column 'jobplace' in 'field list', query was: UPDATE `joinus` SET `id` = ?, `place` = ?, `title` = ?, `english` = ?, `email` = ?, `content` = ?, `content_en` = ?, `jobplace` = ? WHERE (id = '2')	D:\php\PEAR\Zend\Db\Statement\Pdo.php on line 235	#0 D:\php\PEAR\Zend\Db\Statement.php(303): Zend_Db_Statement_Pdo->_execute(Array)
#1 D:\php\PEAR\Zend\Db\Adapter\Abstract.php(480): Zend_Db_Statement->execute(Array)
#2 D:\php\PEAR\Zend\Db\Adapter\Pdo\Abstract.php(238): Zend_Db_Adapter_Abstract->query('UPDATE `joinus`...', Array)
#3 D:\php\PEAR\Zend\Db\Adapter\Abstract.php(635): Zend_Db_Adapter_Pdo_Abstract->query('UPDATE `joinus`...', Array)
#4 D:\web\dreamphp\application\models\Admin.php(74): Zend_Db_Adapter_Abstract->update('joinus', Array, 'id = '2'')
#5 D:\web\dreamphp\application\controllers\AdminController.php(178): Admin->update('joinus', '2', Array)
#6 D:\php\PEAR\Zend\Controller\Action.php(503): AdminController->updatejoinAction()
#7 D:\php\PEAR\Zend\Controller\Dispatcher\Standard.php(308): Zend_Controller_Action->dispatch('updatejoinActio...')
#8 D:\php\PEAR\Zend\Controller\Front.php(954): Zend_Controller_Dispatcher_Standard->dispatch(Object(Zend_Controller_Request_Http), Object(Zend_Controller_Response_Http))
#9 D:\web\dreamphp\htdocs\index.php(75): Zend_Controller_Front->dispatch()
#10 {main}	]EOR
[2020-04-02 00:01:20]	[py]	[exception]	[2020-04-02 00:01:20:	SQLSTATE[42S22]: Column not found: 1054 Unknown column 'jobplace' in 'field list', query was: UPDATE `joinus` SET `id` = ?, `place` = ?, `title` = ?, `english` = ?, `email` = ?, `content` = ?, `content_en` = ?, `jobplace` = ? WHERE (id = '2')	D:\php\PEAR\Zend\Db\Statement\Pdo.php on line 235	#0 D:\php\PEAR\Zend\Db\Statement.php(303): Zend_Db_Statement_Pdo->_execute(Array)
#1 D:\php\PEAR\Zend\Db\Adapter\Abstract.php(480): Zend_Db_Statement->execute(Array)
#2 D:\php\PEAR\Zend\Db\Adapter\Pdo\Abstract.php(238): Zend_Db_Adapter_Abstract->query('UPDATE `joinus`...', Array)
#3 D:\php\PEAR\Zend\Db\Adapter\Abstract.php(635): Zend_Db_Adapter_Pdo_Abstract->query('UPDATE `joinus`...', Array)
#4 D:\web\dreamphp\application\models\Admin.php(74): Zend_Db_Adapter_Abstract->update('joinus', Array, 'id = '2'')
#5 D:\web\dreamphp\application\controllers\AdminController.php(178): Admin->update('joinus', '2', Array)
#6 D:\php\PEAR\Zend\Controller\Action.php(503): AdminController->updatejoinAction()
#7 D:\php\PEAR\Zend\Controller\Dispatcher\Standard.php(308): Zend_Controller_Action->dispatch('updatejoinActio...')
#8 D:\php\PEAR\Zend\Controller\Front.php(954): Zend_Controller_Dispatcher_Standard->dispatch(Object(Zend_Controller_Request_Http), Object(Zend_Controller_Response_Http))
#9 D:\web\dreamphp\htdocs\index.php(75): Zend_Controller_Front->dispatch()
#10 {main}	]EOR
[2020-04-02 00:44:06]	[py]	[exception]	[2020-04-02 00:44:06:	SQLSTATE[42S22]: Column not found: 1054 Unknown column 'jobplace' in 'field list', query was: UPDATE `joinus` SET `id` = ?, `place` = ?, `title` = ?, `english` = ?, `email` = ?, `content` = ?, `content_en` = ?, `jobplace` = ? WHERE (id = '8')	D:\php\PEAR\Zend\Db\Statement\Pdo.php on line 235	#0 D:\php\PEAR\Zend\Db\Statement.php(303): Zend_Db_Statement_Pdo->_execute(Array)
#1 D:\php\PEAR\Zend\Db\Adapter\Abstract.php(480): Zend_Db_Statement->execute(Array)
#2 D:\php\PEAR\Zend\Db\Adapter\Pdo\Abstract.php(238): Zend_Db_Adapter_Abstract->query('UPDATE `joinus`...', Array)
#3 D:\php\PEAR\Zend\Db\Adapter\Abstract.php(635): Zend_Db_Adapter_Pdo_Abstract->query('UPDATE `joinus`...', Array)
#4 D:\web\dreamphp\application\models\Admin.php(74): Zend_Db_Adapter_Abstract->update('joinus', Array, 'id = '8'')
#5 D:\web\dreamphp\application\controllers\AdminController.php(178): Admin->update('joinus', '8', Array)
#6 D:\php\PEAR\Zend\Controller\Action.php(503): AdminController->updatejoinAction()
#7 D:\php\PEAR\Zend\Controller\Dispatcher\Standard.php(308): Zend_Controller_Action->dispatch('updatejoinActio...')
#8 D:\php\PEAR\Zend\Controller\Front.php(954): Zend_Controller_Dispatcher_Standard->dispatch(Object(Zend_Controller_Request_Http), Object(Zend_Controller_Response_Http))
#9 D:\web\dreamphp\htdocs\index.php(75): Zend_Controller_Front->dispatch()
#10 {main}	]EOR
