[2020-03-28 21:36:15]	[py]	[exception]	[2020-03-28 21:36:15:	上传位置出错	D:\web\dreamphp\application\models\Admin.php on line 65	#0 D:\web\dreamphp\application\controllers\AdminController.php(41): Admin->upfile('banner1')
#1 D:\php\PEAR\Zend\Controller\Action.php(503): AdminController->bannerAction()
#2 D:\php\PEAR\Zend\Controller\Dispatcher\Standard.php(308): Zend_Controller_Action->dispatch('bannerAction')
#3 D:\php\PEAR\Zend\Controller\Front.php(954): Zend_Controller_Dispatcher_Standard->dispatch(Object(Zend_Controller_Request_Http), Object(Zend_Controller_Response_Http))
#4 D:\web\dreamphp\htdocs\index.php(75): Zend_Controller_Front->dispatch()
#5 {main}	]EOR
[2020-03-28 21:36:55]	[py]	[exception]	[2020-03-28 21:36:55:	上传位置出错	D:\web\dreamphp\application\models\Admin.php on line 65	#0 D:\web\dreamphp\application\controllers\AdminController.php(41): Admin->upfile('banner1')
#1 D:\php\PEAR\Zend\Controller\Action.php(503): AdminController->bannerAction()
#2 D:\php\PEAR\Zend\Controller\Dispatcher\Standard.php(308): Zend_Controller_Action->dispatch('bannerAction')
#3 D:\php\PEAR\Zend\Controller\Front.php(954): Zend_Controller_Dispatcher_Standard->dispatch(Object(Zend_Controller_Request_Http), Object(Zend_Controller_Response_Http))
#4 D:\web\dreamphp\htdocs\index.php(75): Zend_Controller_Front->dispatch()
#5 {main}	]EOR
[2020-03-28 21:38:30]	[py]	[exception]	[2020-03-28 21:38:30:	上传位置出错	D:\web\dreamphp\application\models\Admin.php on line 65	#0 D:\web\dreamphp\application\controllers\AdminController.php(41): Admin->upfile('banner1')
#1 D:\php\PEAR\Zend\Controller\Action.php(503): AdminController->bannerAction()
#2 D:\php\PEAR\Zend\Controller\Dispatcher\Standard.php(308): Zend_Controller_Action->dispatch('bannerAction')
#3 D:\php\PEAR\Zend\Controller\Front.php(954): Zend_Controller_Dispatcher_Standard->dispatch(Object(Zend_Controller_Request_Http), Object(Zend_Controller_Response_Http))
#4 D:\web\dreamphp\htdocs\index.php(75): Zend_Controller_Front->dispatch()
#5 {main}	]EOR
[2020-03-28 21:40:14]	[py]	[exception]	[2020-03-28 21:40:14:	上传位置出错D:\web\dreamphp\application/htdocs/imgs/index/	D:\web\dreamphp\application\models\Admin.php on line 62	#0 D:\web\dreamphp\application\controllers\AdminController.php(41): Admin->upfile('banner1')
#1 D:\php\PEAR\Zend\Controller\Action.php(503): AdminController->bannerAction()
#2 D:\php\PEAR\Zend\Controller\Dispatcher\Standard.php(308): Zend_Controller_Action->dispatch('bannerAction')
#3 D:\php\PEAR\Zend\Controller\Front.php(954): Zend_Controller_Dispatcher_Standard->dispatch(Object(Zend_Controller_Request_Http), Object(Zend_Controller_Response_Http))
#4 D:\web\dreamphp\htdocs\index.php(75): Zend_Controller_Front->dispatch()
#5 {main}	]EOR
