[2020-04-08 23:42:43]	[py]	[exception]	[2020-04-08 23:42:43:	文件类型错误，请检查!/n	D:\web\dream\application\models\Admin.php on line 106	#0 D:\web\dream\application\controllers\AdminController.php(94): Admin->upfile('banner6', 'D:\\web\\dream/ht...', NULL, Array)
#1 D:\php\PEAR\Zend\Controller\Action.php(503): AdminController->bannerAction()
#2 D:\php\PEAR\Zend\Controller\Dispatcher\Standard.php(308): Zend_Controller_Action->dispatch('bannerAction')
#3 D:\php\PEAR\Zend\Controller\Front.php(954): Zend_Controller_Dispatcher_Standard->dispatch(Object(Zend_Controller_Request_Http), Object(Zend_Controller_Response_Http))
#4 D:\web\dream\htdocs\index.php(75): Zend_Controller_Front->dispatch()
#5 {main}	]EOR
[2020-04-08 23:43:51]	[py]	[exception]	[2020-04-08 23:43:51:	文件类型错误，请检查!/n	D:\web\dream\application\models\Admin.php on line 106	#0 D:\web\dream\application\controllers\AdminController.php(94): Admin->upfile('banner6', 'D:\\web\\dream/ht...', NULL, Array)
#1 D:\php\PEAR\Zend\Controller\Action.php(503): AdminController->bannerAction()
#2 D:\php\PEAR\Zend\Controller\Dispatcher\Standard.php(308): Zend_Controller_Action->dispatch('bannerAction')
#3 D:\php\PEAR\Zend\Controller\Front.php(954): Zend_Controller_Dispatcher_Standard->dispatch(Object(Zend_Controller_Request_Http), Object(Zend_Controller_Response_Http))
#4 D:\web\dream\htdocs\index.php(75): Zend_Controller_Front->dispatch()
#5 {main}	]EOR
[2020-04-08 23:45:18]	[py]	[exception]	[2020-04-08 23:45:18:	文件类型错误，请检查!/n	D:\web\dream\application\models\Admin.php on line 106	#0 D:\web\dream\application\controllers\AdminController.php(94): Admin->upfile('banner6', 'D:\\web\\dream/ht...', NULL, Array)
#1 D:\php\PEAR\Zend\Controller\Action.php(503): AdminController->bannerAction()
#2 D:\php\PEAR\Zend\Controller\Dispatcher\Standard.php(308): Zend_Controller_Action->dispatch('bannerAction')
#3 D:\php\PEAR\Zend\Controller\Front.php(954): Zend_Controller_Dispatcher_Standard->dispatch(Object(Zend_Controller_Request_Http), Object(Zend_Controller_Response_Http))
#4 D:\web\dream\htdocs\index.php(75): Zend_Controller_Front->dispatch()
#5 {main}	]EOR
[2020-04-08 23:45:43]	[py]	[exception]	[2020-04-08 23:45:43:	文件类型错误，请检查!/n	D:\web\dream\application\models\Admin.php on line 106	#0 D:\web\dream\application\controllers\AdminController.php(94): Admin->upfile('banner6', 'D:\\web\\dream/ht...', NULL, Array)
#1 D:\php\PEAR\Zend\Controller\Action.php(503): AdminController->bannerAction()
#2 D:\php\PEAR\Zend\Controller\Dispatcher\Standard.php(308): Zend_Controller_Action->dispatch('bannerAction')
#3 D:\php\PEAR\Zend\Controller\Front.php(954): Zend_Controller_Dispatcher_Standard->dispatch(Object(Zend_Controller_Request_Http), Object(Zend_Controller_Response_Http))
#4 D:\web\dream\htdocs\index.php(75): Zend_Controller_Front->dispatch()
#5 {main}	]EOR
[2020-04-08 23:46:01]	[py]	[exception]	[2020-04-08 23:46:01:	文件类型错误，请检查!/n	D:\web\dream\application\models\Admin.php on line 106	#0 D:\web\dream\application\controllers\AdminController.php(94): Admin->upfile('banner6', 'D:\\web\\dream/ht...', NULL, Array)
#1 D:\php\PEAR\Zend\Controller\Action.php(503): AdminController->bannerAction()
#2 D:\php\PEAR\Zend\Controller\Dispatcher\Standard.php(308): Zend_Controller_Action->dispatch('bannerAction')
#3 D:\php\PEAR\Zend\Controller\Front.php(954): Zend_Controller_Dispatcher_Standard->dispatch(Object(Zend_Controller_Request_Http), Object(Zend_Controller_Response_Http))
#4 D:\web\dream\htdocs\index.php(75): Zend_Controller_Front->dispatch()
#5 {main}	]EOR
[2020-04-08 23:46:10]	[py]	[exception]	[2020-04-08 23:46:10:	文件类型错误，请检查!/n	D:\web\dream\application\models\Admin.php on line 106	#0 D:\web\dream\application\controllers\AdminController.php(94): Admin->upfile('banner6', 'D:\\web\\dream/ht...', NULL, Array)
#1 D:\php\PEAR\Zend\Controller\Action.php(503): AdminController->bannerAction()
#2 D:\php\PEAR\Zend\Controller\Dispatcher\Standard.php(308): Zend_Controller_Action->dispatch('bannerAction')
#3 D:\php\PEAR\Zend\Controller\Front.php(954): Zend_Controller_Dispatcher_Standard->dispatch(Object(Zend_Controller_Request_Http), Object(Zend_Controller_Response_Http))
#4 D:\web\dream\htdocs\index.php(75): Zend_Controller_Front->dispatch()
#5 {main}	]EOR
[2020-04-08 23:46:40]	[py]	[exception]	[2020-04-08 23:46:40:	文件类型错误，请检查!/n	D:\web\dream\application\models\Admin.php on line 106	#0 D:\web\dream\application\controllers\AdminController.php(94): Admin->upfile('banner6', 'D:\\web\\dream/ht...', NULL, Array)
#1 D:\php\PEAR\Zend\Controller\Action.php(503): AdminController->bannerAction()
#2 D:\php\PEAR\Zend\Controller\Dispatcher\Standard.php(308): Zend_Controller_Action->dispatch('bannerAction')
#3 D:\php\PEAR\Zend\Controller\Front.php(954): Zend_Controller_Dispatcher_Standard->dispatch(Object(Zend_Controller_Request_Http), Object(Zend_Controller_Response_Http))
#4 D:\web\dream\htdocs\index.php(75): Zend_Controller_Front->dispatch()
#5 {main}	]EOR
[2020-04-08 23:46:48]	[py]	[exception]	[2020-04-08 23:46:48:	文件类型错误，请检查!/n	D:\web\dream\application\models\Admin.php on line 106	#0 D:\web\dream\application\controllers\AdminController.php(94): Admin->upfile('banner6', 'D:\\web\\dream/ht...', NULL, Array)
#1 D:\php\PEAR\Zend\Controller\Action.php(503): AdminController->bannerAction()
#2 D:\php\PEAR\Zend\Controller\Dispatcher\Standard.php(308): Zend_Controller_Action->dispatch('bannerAction')
#3 D:\php\PEAR\Zend\Controller\Front.php(954): Zend_Controller_Dispatcher_Standard->dispatch(Object(Zend_Controller_Request_Http), Object(Zend_Controller_Response_Http))
#4 D:\web\dream\htdocs\index.php(75): Zend_Controller_Front->dispatch()
#5 {main}	]EOR
