[2020-04-01 20:08:36]	[py]	[exception]	[2020-04-01 20:08:36:	Method "_encrypt" does not exist and was not trapped in __call()	D:\php\PEAR\Zend\Controller\Action.php on line 478	#0 D:\web\dreamphp\application\controllers\AdminController.php(59): Zend_Controller_Action->__call('_encrypt', Array)
#1 D:\web\dreamphp\application\controllers\AdminController.php(59): AdminController->_encrypt('111123')
#2 D:\php\PEAR\Zend\Controller\Action.php(503): AdminController->updateadminAction()
#3 D:\php\PEAR\Zend\Controller\Dispatcher\Standard.php(308): Zend_Controller_Action->dispatch('updateadminActi...')
#4 D:\php\PEAR\Zend\Controller\Front.php(954): Zend_Controller_Dispatcher_Standard->dispatch(Object(Zend_Controller_Request_Http), Object(Zend_Controller_Response_Http))
#5 D:\web\dreamphp\htdocs\index.php(75): Zend_Controller_Front->dispatch()
#6 {main}	]EOR
[2020-04-01 21:27:30]	[py]	[exception]	[2020-04-01 21:27:30:	SQLSTATE[42S02]: Base table or view not found: 1051 Unknown table 'ti', query was: select ti.*,t2.name from joinus t1 left join jobgroup t2 on t1.place = t2.id	D:\php\PEAR\Zend\Db\Statement\Pdo.php on line 235	#0 D:\php\PEAR\Zend\Db\Statement.php(303): Zend_Db_Statement_Pdo->_execute(Array)
#1 D:\php\PEAR\Zend\Db\Adapter\Abstract.php(480): Zend_Db_Statement->execute(Array)
#2 D:\php\PEAR\Zend\Db\Adapter\Pdo\Abstract.php(238): Zend_Db_Adapter_Abstract->query('select ti.*,t2....', Array)
#3 D:\php\PEAR\Zend\Db\Adapter\Abstract.php(737): Zend_Db_Adapter_Pdo_Abstract->query('select ti.*,t2....', Array)
#4 D:\web\dreamphp\application\models\Admin.php(63): Zend_Db_Adapter_Abstract->fetchAll('select ti.*,t2....')
#5 D:\web\dreamphp\application\controllers\AdminController.php(121): Admin->joinList()
#6 D:\php\PEAR\Zend\Controller\Action.php(503): AdminController->joblistAction()
#7 D:\php\PEAR\Zend\Controller\Dispatcher\Standard.php(308): Zend_Controller_Action->dispatch('joblistAction')
#8 D:\php\PEAR\Zend\Controller\Front.php(954): Zend_Controller_Dispatcher_Standard->dispatch(Object(Zend_Controller_Request_Http), Object(Zend_Controller_Response_Http))
#9 D:\web\dreamphp\htdocs\index.php(75): Zend_Controller_Front->dispatch()
#10 {main}	]EOR
[2020-04-01 22:13:09]	[py]	[exception]	[2020-04-01 22:13:09:	SQLSTATE[42S22]: Column not found: 1054 Unknown column 'name' in 'field list', query was: INSERT INTO `joinus` (`title`, `english`, `email`, `place`, `content`, `name`) VALUES (?, ?, ?, ?, ?, ?)	D:\php\PEAR\Zend\Db\Statement\Pdo.php on line 235	#0 D:\php\PEAR\Zend\Db\Statement.php(303): Zend_Db_Statement_Pdo->_execute(Array)
#1 D:\php\PEAR\Zend\Db\Adapter\Abstract.php(480): Zend_Db_Statement->execute(Array)
#2 D:\php\PEAR\Zend\Db\Adapter\Pdo\Abstract.php(238): Zend_Db_Adapter_Abstract->query('INSERT INTO `jo...', Array)
#3 D:\php\PEAR\Zend\Db\Adapter\Abstract.php(576): Zend_Db_Adapter_Pdo_Abstract->query('INSERT INTO `jo...', Array)
#4 D:\web\dreamphp\application\models\Admin.php(67): Zend_Db_Adapter_Abstract->insert('joinus', Array)
#5 D:\web\dreamphp\application\controllers\AdminController.php(156): Admin->create('joinus', Array)
#6 D:\php\PEAR\Zend\Controller\Action.php(503): AdminController->createjoinAction()
#7 D:\php\PEAR\Zend\Controller\Dispatcher\Standard.php(308): Zend_Controller_Action->dispatch('createjoinActio...')
#8 D:\php\PEAR\Zend\Controller\Front.php(954): Zend_Controller_Dispatcher_Standard->dispatch(Object(Zend_Controller_Request_Http), Object(Zend_Controller_Response_Http))
#9 D:\web\dreamphp\htdocs\index.php(75): Zend_Controller_Front->dispatch()
#10 {main}	]EOR
[2020-04-01 22:15:30]	[py]	[exception]	[2020-04-01 22:15:30:	SQLSTATE[42S22]: Column not found: 1054 Unknown column 'name' in 'field list', query was: INSERT INTO `joinus` (`title`, `english`, `email`, `place`, `content`, `name`) VALUES (?, ?, ?, ?, ?, ?)	D:\php\PEAR\Zend\Db\Statement\Pdo.php on line 235	#0 D:\php\PEAR\Zend\Db\Statement.php(303): Zend_Db_Statement_Pdo->_execute(Array)
#1 D:\php\PEAR\Zend\Db\Adapter\Abstract.php(480): Zend_Db_Statement->execute(Array)
#2 D:\php\PEAR\Zend\Db\Adapter\Pdo\Abstract.php(238): Zend_Db_Adapter_Abstract->query('INSERT INTO `jo...', Array)
#3 D:\php\PEAR\Zend\Db\Adapter\Abstract.php(576): Zend_Db_Adapter_Pdo_Abstract->query('INSERT INTO `jo...', Array)
#4 D:\web\dreamphp\application\models\Admin.php(67): Zend_Db_Adapter_Abstract->insert('joinus', Array)
#5 D:\web\dreamphp\application\controllers\AdminController.php(156): Admin->create('joinus', Array)
#6 D:\php\PEAR\Zend\Controller\Action.php(503): AdminController->createjoinAction()
#7 D:\php\PEAR\Zend\Controller\Dispatcher\Standard.php(308): Zend_Controller_Action->dispatch('createjoinActio...')
#8 D:\php\PEAR\Zend\Controller\Front.php(954): Zend_Controller_Dispatcher_Standard->dispatch(Object(Zend_Controller_Request_Http), Object(Zend_Controller_Response_Http))
#9 D:\web\dreamphp\htdocs\index.php(75): Zend_Controller_Front->dispatch()
#10 {main}	]EOR
[2020-04-01 22:15:37]	[py]	[exception]	[2020-04-01 22:15:37:	SQLSTATE[42S22]: Column not found: 1054 Unknown column 'name' in 'field list', query was: INSERT INTO `joinus` (`title`, `english`, `email`, `place`, `content`, `name`) VALUES (?, ?, ?, ?, ?, ?)	D:\php\PEAR\Zend\Db\Statement\Pdo.php on line 235	#0 D:\php\PEAR\Zend\Db\Statement.php(303): Zend_Db_Statement_Pdo->_execute(Array)
#1 D:\php\PEAR\Zend\Db\Adapter\Abstract.php(480): Zend_Db_Statement->execute(Array)
#2 D:\php\PEAR\Zend\Db\Adapter\Pdo\Abstract.php(238): Zend_Db_Adapter_Abstract->query('INSERT INTO `jo...', Array)
#3 D:\php\PEAR\Zend\Db\Adapter\Abstract.php(576): Zend_Db_Adapter_Pdo_Abstract->query('INSERT INTO `jo...', Array)
#4 D:\web\dreamphp\application\models\Admin.php(67): Zend_Db_Adapter_Abstract->insert('joinus', Array)
#5 D:\web\dreamphp\application\controllers\AdminController.php(156): Admin->create('joinus', Array)
#6 D:\php\PEAR\Zend\Controller\Action.php(503): AdminController->createjoinAction()
#7 D:\php\PEAR\Zend\Controller\Dispatcher\Standard.php(308): Zend_Controller_Action->dispatch('createjoinActio...')
#8 D:\php\PEAR\Zend\Controller\Front.php(954): Zend_Controller_Dispatcher_Standard->dispatch(Object(Zend_Controller_Request_Http), Object(Zend_Controller_Response_Http))
#9 D:\web\dreamphp\htdocs\index.php(75): Zend_Controller_Front->dispatch()
#10 {main}	]EOR
